<?xml version="1.0" encoding="UTF-8"?>
<testsuites name="Kids Game Auto Test" time="0.004" timestamp="2026-03-27T04:05:32" tests="2" failures="0" errors="0" skipped="0">
  <testsuite name="Backend API Tests" tests="2" failures="0" errors="0" skipped="0" time="0.000" timestamp="2026-03-27T04:05:32">
    <properties>
      <property name="gameId"   value="__api__"/>
      <property name="taskType" value="api"/>
      <property name="priority" value="HIGH"/>
    </properties>
    <testcase name="登录接口测试" classname="Backend API Tests.api" time="0.000">
    </testcase>
    <testcase name="游戏列表接口测试" classname="Backend API Tests.api" time="0.000">
    </testcase>
  </testsuite>
</testsuites>